<?xml version="1.0" encoding="UTF-8"?>
<coverage generated="1781121747588" clover="3.2.0">
  <project timestamp="1781121747588" name="All files">
    <metrics statements="79" coveredstatements="76" conditionals="32" coveredconditionals="29" methods="17" coveredmethods="15" elements="128" coveredelements="120" complexity="0" loc="79" ncloc="79" packages="3" files="9" classes="9"/>
    <package name="src">
      <metrics statements="45" coveredstatements="44" conditionals="29" coveredconditionals="26" methods="3" coveredmethods="3"/>
      <file name="App.tsx" path="C:\Users\rafael.ti\Documents\GitHub\RideProfit\Calculadora_teste\Calculator - Base\src\App.tsx">
        <metrics statements="45" coveredstatements="44" conditionals="29" coveredconditionals="26" methods="3" coveredmethods="3"/>
        <line num="1" count="1" type="stmt"/>
        <line num="2" count="1" type="stmt"/>
        <line num="3" count="1" type="stmt"/>
        <line num="4" count="1" type="stmt"/>
        <line num="5" count="1" type="stmt"/>
        <line num="6" count="1" type="stmt"/>
        <line num="7" count="1" type="stmt"/>
        <line num="10" count="51" type="stmt"/>
        <line num="11" count="51" type="stmt"/>
        <line num="12" count="51" type="stmt"/>
        <line num="13" count="51" type="stmt"/>
        <line num="14" count="51" type="stmt"/>
        <line num="15" count="51" type="stmt"/>
        <line num="17" count="51" type="stmt"/>
        <line num="18" count="41" type="cond" truecount="1" falsecount="0"/>
        <line num="19" count="1" type="stmt"/>
        <line num="20" count="1" type="stmt"/>
        <line num="21" count="1" type="stmt"/>
        <line num="22" count="1" type="stmt"/>
        <line num="23" count="1" type="stmt"/>
        <line num="24" count="1" type="stmt"/>
        <line num="27" count="40" type="cond" truecount="1" falsecount="0"/>
        <line num="33" count="1" type="stmt"/>
        <line num="34" count="1" type="stmt"/>
        <line num="37" count="39" type="stmt"/>
        <line num="39" count="39" type="cond" truecount="3" falsecount="0"/>
        <line num="40" count="24" type="cond" truecount="1" falsecount="0"/>
        <line num="41" count="17" type="stmt"/>
        <line num="43" count="24" type="stmt"/>
        <line num="44" count="24" type="stmt"/>
        <line num="45" count="24" type="stmt"/>
        <line num="51" count="15" type="stmt"/>
        <line num="53" count="15" type="stmt"/>
        <line num="55" count="15" type="cond" truecount="2" falsecount="0"/>
        <line num="56" count="7" type="stmt"/>
        <line num="57" count="7" type="stmt"/>
        <line num="59" count="8" type="stmt"/>
        <line num="62" count="15" type="cond" truecount="2" falsecount="1"/>
        <line num="63" count="15" type="stmt"/>
        <line num="66" count="15" type="cond" truecount="3" falsecount="1"/>
        <line num="67" count="7" type="cond" truecount="1" falsecount="1"/>
        <line num="68" count="0" type="stmt"/>
        <line num="70" count="7" type="stmt"/>
        <line num="75" count="51" type="stmt"/>
        <line num="89" count="1" type="stmt"/>
      </file>
    </package>
    <package name="src.components">
      <metrics statements="8" coveredstatements="8" conditionals="0" coveredconditionals="0" methods="4" coveredmethods="4"/>
      <file name="Button.tsx" path="C:\Users\rafael.ti\Documents\GitHub\RideProfit\Calculadora_teste\Calculator - Base\src\components\Button.tsx">
        <metrics statements="3" coveredstatements="3" conditionals="0" coveredconditionals="0" methods="2" coveredmethods="2"/>
        <line num="7" count="1" type="stmt"/>
        <line num="8" count="867" type="stmt"/>
        <line num="10" count="867" type="stmt"/>
      </file>
      <file name="ButtonsPanel.tsx" path="C:\Users\rafael.ti\Documents\GitHub\RideProfit\Calculadora_teste\Calculator - Base\src\components\ButtonsPanel.tsx">
        <metrics statements="3" coveredstatements="3" conditionals="0" coveredconditionals="0" methods="1" coveredmethods="1"/>
        <line num="1" count="1" type="stmt"/>
        <line num="7" count="1" type="stmt"/>
        <line num="8" count="51" type="stmt"/>
      </file>
      <file name="Display.tsx" path="C:\Users\rafael.ti\Documents\GitHub\RideProfit\Calculadora_teste\Calculator - Base\src\components\Display.tsx">
        <metrics statements="2" coveredstatements="2" conditionals="0" coveredconditionals="0" methods="1" coveredmethods="1"/>
        <line num="5" count="1" type="stmt"/>
        <line num="6" count="51" type="stmt"/>
      </file>
    </package>
    <package name="src.utils">
      <metrics statements="26" coveredstatements="24" conditionals="3" coveredconditionals="3" methods="10" coveredmethods="8"/>
      <file name="calculate.ts" path="C:\Users\rafael.ti\Documents\GitHub\RideProfit\Calculadora_teste\Calculator - Base\src\utils\calculate.ts">
        <metrics statements="6" coveredstatements="6" conditionals="0" coveredconditionals="0" methods="1" coveredmethods="1"/>
        <line num="1" count="1" type="stmt"/>
        <line num="3" count="1" type="stmt"/>
        <line num="8" count="7" type="stmt"/>
        <line num="9" count="7" type="stmt"/>
        <line num="10" count="7" type="stmt"/>
        <line num="12" count="7" type="stmt"/>
      </file>
      <file name="isDot.ts" path="C:\Users\rafael.ti\Documents\GitHub\RideProfit\Calculadora_teste\Calculator - Base\src\utils\isDot.ts">
        <metrics statements="2" coveredstatements="2" conditionals="0" coveredconditionals="0" methods="1" coveredmethods="1"/>
        <line num="1" count="1" type="stmt"/>
        <line num="2" count="18" type="stmt"/>
      </file>
      <file name="isNumber.ts" path="C:\Users\rafael.ti\Documents\GitHub\RideProfit\Calculadora_teste\Calculator - Base\src\utils\isNumber.ts">
        <metrics statements="2" coveredstatements="2" conditionals="0" coveredconditionals="0" methods="1" coveredmethods="1"/>
        <line num="1" count="1" type="stmt"/>
        <line num="2" count="47" type="stmt"/>
      </file>
      <file name="operations.ts" path="C:\Users\rafael.ti\Documents\GitHub\RideProfit\Calculadora_teste\Calculator - Base\src\utils\operations.ts">
        <metrics statements="13" coveredstatements="11" conditionals="0" coveredconditionals="0" methods="6" coveredmethods="4"/>
        <line num="1" count="1" type="stmt"/>
        <line num="10" count="1" type="stmt"/>
        <line num="11" count="2" type="stmt"/>
        <line num="14" count="1" type="stmt"/>
        <line num="15" count="1" type="stmt"/>
        <line num="18" count="1" type="stmt"/>
        <line num="19" count="2" type="stmt"/>
        <line num="22" count="1" type="stmt"/>
        <line num="23" count="2" type="stmt"/>
        <line num="26" count="1" type="stmt"/>
        <line num="27" count="0" type="stmt"/>
        <line num="30" count="1" type="stmt"/>
        <line num="31" count="0" type="stmt"/>
      </file>
      <file name="removeZeroLeft.ts" path="C:\Users\rafael.ti\Documents\GitHub\RideProfit\Calculadora_teste\Calculator - Base\src\utils\removeZeroLeft.ts">
        <metrics statements="3" coveredstatements="3" conditionals="3" coveredconditionals="3" methods="1" coveredmethods="1"/>
        <line num="1" count="1" type="stmt"/>
        <line num="2" count="24" type="cond" truecount="1" falsecount="0"/>
        <line num="3" count="7" type="cond" truecount="2" falsecount="0"/>
      </file>
    </package>
  </project>
</coverage>
