{"C:\\Users\\rafael.ti\\Documents\\GitHub\\RideProfit\\Calculadora_teste\\Calculator - Base\\src\\App.tsx": {"path":"C:\\Users\\rafael.ti\\Documents\\GitHub\\RideProfit\\Calculadora_teste\\Calculator - Base\\src\\App.tsx","statementMap":{"0":{"start":{"line":1,"column":0},"end":{"line":1,"column":41}},"1":{"start":{"line":2,"column":0},"end":{"line":2,"column":43}},"2":{"start":{"line":3,"column":0},"end":{"line":3,"column":53}},"3":{"start":{"line":4,"column":0},"end":{"line":4,"column":44}},"4":{"start":{"line":5,"column":0},"end":{"line":5,"column":38}},"5":{"start":{"line":6,"column":0},"end":{"line":6,"column":56}},"6":{"start":{"line":7,"column":0},"end":{"line":7,"column":46}},"7":{"start":{"line":10,"column":44},"end":{"line":10,"column":73}},"8":{"start":{"line":11,"column":40},"end":{"line":11,"column":61}},"9":{"start":{"line":12,"column":34},"end":{"line":12,"column":63}},"10":{"start":{"line":13,"column":40},"end":{"line":13,"column":63}},"11":{"start":{"line":14,"column":44},"end":{"line":14,"column":68}},"12":{"start":{"line":15,"column":26},"end":{"line":15,"column":44}},"13":{"start":{"line":17,"column":22},"end":{"line":73,"column":3}},"14":{"start":{"line":18,"column":4},"end":{"line":25,"column":null}},"15":{"start":{"line":19,"column":6},"end":{"line":19,"column":29}},"16":{"start":{"line":20,"column":6},"end":{"line":20,"column":26}},"17":{"start":{"line":21,"column":6},"end":{"line":21,"column":24}},"18":{"start":{"line":22,"column":6},"end":{"line":22,"column":27}},"19":{"start":{"line":23,"column":6},"end":{"line":23,"column":30}},"20":{"start":{"line":24,"column":6},"end":{"line":24,"column":13}},"21":{"start":{"line":27,"column":4},"end":{"line":35,"column":null}},"22":{"start":{"line":33,"column":6},"end":{"line":33,"column":30}},"23":{"start":{"line":34,"column":6},"end":{"line":34,"column":13}},"24":{"start":{"line":37,"column":4},"end":{"line":37,"column":33}},"25":{"start":{"line":39,"column":4},"end":{"line":49,"column":null}},"26":{"start":{"line":40,"column":6},"end":{"line":42,"column":null}},"27":{"start":{"line":41,"column":8},"end":{"line":41,"column":39}},"28":{"start":{"line":43,"column":6},"end":{"line":43,"column":28}},"29":{"start":{"line":44,"column":6},"end":{"line":48,"column":9}},"30":{"start":{"line":45,"column":8},"end":{"line":47,"column":10}},"31":{"start":{"line":51,"column":4},"end":{"line":51,"column":41}},"32":{"start":{"line":53,"column":4},"end":{"line":53,"column":25}},"33":{"start":{"line":55,"column":4},"end":{"line":60,"column":null}},"34":{"start":{"line":56,"column":6},"end":{"line":56,"column":30}},"35":{"start":{"line":57,"column":6},"end":{"line":57,"column":30}},"36":{"start":{"line":59,"column":6},"end":{"line":59,"column":29}},"37":{"start":{"line":62,"column":4},"end":{"line":64,"column":null}},"38":{"start":{"line":63,"column":6},"end":{"line":63,"column":37}},"39":{"start":{"line":66,"column":4},"end":{"line":72,"column":null}},"40":{"start":{"line":67,"column":6},"end":{"line":71,"column":null}},"41":{"start":{"line":68,"column":8},"end":{"line":68,"column":75}},"42":{"start":{"line":70,"column":8},"end":{"line":70,"column":75}},"43":{"start":{"line":75,"column":2},"end":{"line":86,"column":4}},"44":{"start":{"line":89,"column":0},"end":{"line":89,"column":19}}},"fnMap":{"0":{"name":"App","decl":{"start":{"line":9,"column":9},"end":{"line":9,"column":12}},"loc":{"start":{"line":9,"column":12},"end":{"line":87,"column":1}}},"1":{"name":"(anonymous_1)","decl":{"start":{"line":17,"column":22},"end":{"line":17,"column":23}},"loc":{"start":{"line":17,"column":45},"end":{"line":73,"column":3}}},"2":{"name":"(anonymous_2)","decl":{"start":{"line":44,"column":30},"end":{"line":44,"column":31}},"loc":{"start":{"line":44,"column":46},"end":{"line":48,"column":7}}}},"branchMap":{"0":{"loc":{"start":{"line":18,"column":4},"end":{"line":25,"column":null}},"type":"if","locations":[{"start":{"line":18,"column":4},"end":{"line":25,"column":null}}]},"1":{"loc":{"start":{"line":27,"column":4},"end":{"line":35,"column":null}},"type":"if","locations":[{"start":{"line":27,"column":4},"end":{"line":35,"column":null}}]},"2":{"loc":{"start":{"line":28,"column":6},"end":{"line":31,"column":24}},"type":"binary-expr","locations":[{"start":{"line":28,"column":6},"end":{"line":28,"column":35}},{"start":{"line":29,"column":6},"end":{"line":29,"column":27}},{"start":{"line":30,"column":6},"end":{"line":30,"column":24}},{"start":{"line":31,"column":6},"end":{"line":31,"column":24}}]},"3":{"loc":{"start":{"line":39,"column":4},"end":{"line":49,"column":null}},"type":"if","locations":[{"start":{"line":39,"column":4},"end":{"line":49,"column":null}}]},"4":{"loc":{"start":{"line":39,"column":8},"end":{"line":39,"column":49}},"type":"binary-expr","locations":[{"start":{"line":39,"column":8},"end":{"line":39,"column":28}},{"start":{"line":39,"column":32},"end":{"line":39,"column":49}}]},"5":{"loc":{"start":{"line":40,"column":6},"end":{"line":42,"column":null}},"type":"if","locations":[{"start":{"line":40,"column":6},"end":{"line":42,"column":null}}]},"6":{"loc":{"start":{"line":46,"column":10},"end":{"line":46,"column":61}},"type":"cond-expr","locations":[{"start":{"line":46,"column":24},"end":{"line":46,"column":34}},{"start":{"line":46,"column":37},"end":{"line":46,"column":61}}]},"7":{"loc":{"start":{"line":55,"column":4},"end":{"line":60,"column":null}},"type":"if","locations":[{"start":{"line":55,"column":4},"end":{"line":60,"column":null}},{"start":{"line":58,"column":11},"end":{"line":60,"column":null}}]},"8":{"loc":{"start":{"line":62,"column":4},"end":{"line":64,"column":null}},"type":"if","locations":[{"start":{"line":62,"column":4},"end":{"line":64,"column":null}}]},"9":{"loc":{"start":{"line":62,"column":8},"end":{"line":62,"column":44}},"type":"binary-expr","locations":[{"start":{"line":62,"column":8},"end":{"line":62,"column":22}},{"start":{"line":62,"column":26},"end":{"line":62,"column":44}}]},"10":{"loc":{"start":{"line":66,"column":4},"end":{"line":72,"column":null}},"type":"if","locations":[{"start":{"line":66,"column":4},"end":{"line":72,"column":null}}]},"11":{"loc":{"start":{"line":66,"column":8},"end":{"line":66,"column":58}},"type":"binary-expr","locations":[{"start":{"line":66,"column":8},"end":{"line":66,"column":16}},{"start":{"line":66,"column":21},"end":{"line":66,"column":35}},{"start":{"line":66,"column":39},"end":{"line":66,"column":57}}]},"12":{"loc":{"start":{"line":67,"column":6},"end":{"line":71,"column":null}},"type":"if","locations":[{"start":{"line":67,"column":6},"end":{"line":71,"column":null}},{"start":{"line":69,"column":13},"end":{"line":71,"column":null}}]},"13":{"loc":{"start":{"line":79,"column":10},"end":{"line":81,"column":46}},"type":"cond-expr","locations":[{"start":{"line":80,"column":14},"end":{"line":80,"column":47}},{"start":{"line":81,"column":14},"end":{"line":81,"column":46}}]},"14":{"loc":{"start":{"line":79,"column":10},"end":{"line":79,"column":66}},"type":"binary-expr","locations":[{"start":{"line":79,"column":10},"end":{"line":79,"column":37}},{"start":{"line":79,"column":41},"end":{"line":79,"column":66}}]},"15":{"loc":{"start":{"line":81,"column":14},"end":{"line":81,"column":46}},"type":"binary-expr","locations":[{"start":{"line":81,"column":14},"end":{"line":81,"column":39}},{"start":{"line":81,"column":43},"end":{"line":81,"column":46}}]}},"s":{"0":1,"1":1,"2":1,"3":1,"4":1,"5":1,"6":1,"7":51,"8":51,"9":51,"10":51,"11":51,"12":51,"13":51,"14":41,"15":1,"16":1,"17":1,"18":1,"19":1,"20":1,"21":40,"22":1,"23":1,"24":39,"25":39,"26":24,"27":17,"28":24,"29":24,"30":24,"31":15,"32":15,"33":15,"34":7,"35":7,"36":8,"37":15,"38":15,"39":15,"40":7,"41":0,"42":7,"43":51,"44":1},"f":{"0":51,"1":41,"2":24},"b":{"0":[1],"1":[1],"2":[40,8,1,1],"3":[24],"4":[39,17],"5":[17],"6":[17,7],"7":[7,8],"8":[15],"9":[15,0],"10":[7],"11":[15,7,0],"12":[0,7],"13":[1,50],"14":[51,50],"15":[50,11]}}
,"C:\\Users\\rafael.ti\\Documents\\GitHub\\RideProfit\\Calculadora_teste\\Calculator - Base\\src\\components\\Button.tsx": {"path":"C:\\Users\\rafael.ti\\Documents\\GitHub\\RideProfit\\Calculadora_teste\\Calculator - Base\\src\\components\\Button.tsx","statementMap":{"0":{"start":{"line":8,"column":22},"end":{"line":8,"column":41}},"1":{"start":{"line":8,"column":28},"end":{"line":8,"column":41}},"2":{"start":{"line":10,"column":2},"end":{"line":14,"column":4}},"3":{"start":{"line":7,"column":0},"end":{"line":7,"column":24}}},"fnMap":{"0":{"name":"Button","decl":{"start":{"line":7,"column":24},"end":{"line":7,"column":30}},"loc":{"start":{"line":7,"column":65},"end":{"line":15,"column":1}}},"1":{"name":"(anonymous_1)","decl":{"start":{"line":8,"column":22},"end":{"line":8,"column":25}},"loc":{"start":{"line":8,"column":28},"end":{"line":8,"column":41}}}},"branchMap":{},"s":{"0":867,"1":41,"2":867,"3":1},"f":{"0":867,"1":41},"b":{}}
,"C:\\Users\\rafael.ti\\Documents\\GitHub\\RideProfit\\Calculadora_teste\\Calculator - Base\\src\\components\\ButtonsPanel.tsx": {"path":"C:\\Users\\rafael.ti\\Documents\\GitHub\\RideProfit\\Calculadora_teste\\Calculator - Base\\src\\components\\ButtonsPanel.tsx","statementMap":{"0":{"start":{"line":1,"column":0},"end":{"line":1,"column":30}},"1":{"start":{"line":8,"column":2},"end":{"line":28,"column":4}},"2":{"start":{"line":7,"column":0},"end":{"line":7,"column":24}}},"fnMap":{"0":{"name":"ButtonsPanel","decl":{"start":{"line":7,"column":24},"end":{"line":7,"column":36}},"loc":{"start":{"line":7,"column":67},"end":{"line":29,"column":1}}}},"branchMap":{},"s":{"0":1,"1":51,"2":1},"f":{"0":51},"b":{}}
,"C:\\Users\\rafael.ti\\Documents\\GitHub\\RideProfit\\Calculadora_teste\\Calculator - Base\\src\\components\\Display.tsx": {"path":"C:\\Users\\rafael.ti\\Documents\\GitHub\\RideProfit\\Calculadora_teste\\Calculator - Base\\src\\components\\Display.tsx","statementMap":{"0":{"start":{"line":6,"column":2},"end":{"line":10,"column":4}},"1":{"start":{"line":5,"column":0},"end":{"line":5,"column":24}}},"fnMap":{"0":{"name":"Display","decl":{"start":{"line":5,"column":24},"end":{"line":5,"column":31}},"loc":{"start":{"line":5,"column":55},"end":{"line":11,"column":1}}}},"branchMap":{},"s":{"0":51,"1":1},"f":{"0":51},"b":{}}
,"C:\\Users\\rafael.ti\\Documents\\GitHub\\RideProfit\\Calculadora_teste\\Calculator - Base\\src\\utils\\calculate.ts": {"path":"C:\\Users\\rafael.ti\\Documents\\GitHub\\RideProfit\\Calculadora_teste\\Calculator - Base\\src\\utils\\calculate.ts","statementMap":{"0":{"start":{"line":1,"column":0},"end":{"line":1,"column":42}},"1":{"start":{"line":8,"column":20},"end":{"line":8,"column":69}},"2":{"start":{"line":9,"column":12},"end":{"line":9,"column":31}},"3":{"start":{"line":10,"column":12},"end":{"line":10,"column":33}},"4":{"start":{"line":12,"column":2},"end":{"line":12,"column":33}},"5":{"start":{"line":3,"column":0},"end":{"line":3,"column":16}}},"fnMap":{"0":{"name":"calculate","decl":{"start":{"line":3,"column":16},"end":{"line":3,"column":25}},"loc":{"start":{"line":6,"column":23},"end":{"line":13,"column":1}}}},"branchMap":{},"s":{"0":1,"1":7,"2":7,"3":7,"4":7,"5":1},"f":{"0":7},"b":{}}
,"C:\\Users\\rafael.ti\\Documents\\GitHub\\RideProfit\\Calculadora_teste\\Calculator - Base\\src\\utils\\isDot.ts": {"path":"C:\\Users\\rafael.ti\\Documents\\GitHub\\RideProfit\\Calculadora_teste\\Calculator - Base\\src\\utils\\isDot.ts","statementMap":{"0":{"start":{"line":2,"column":2},"end":{"line":2,"column":21}},"1":{"start":{"line":1,"column":0},"end":{"line":1,"column":16}}},"fnMap":{"0":{"name":"isDot","decl":{"start":{"line":1,"column":16},"end":{"line":1,"column":21}},"loc":{"start":{"line":1,"column":33},"end":{"line":3,"column":1}}}},"branchMap":{},"s":{"0":18,"1":1},"f":{"0":18},"b":{}}
,"C:\\Users\\rafael.ti\\Documents\\GitHub\\RideProfit\\Calculadora_teste\\Calculator - Base\\src\\utils\\isNumber.ts": {"path":"C:\\Users\\rafael.ti\\Documents\\GitHub\\RideProfit\\Calculadora_teste\\Calculator - Base\\src\\utils\\isNumber.ts","statementMap":{"0":{"start":{"line":1,"column":24},"end":{"line":3,"column":1}},"1":{"start":{"line":2,"column":2},"end":{"line":2,"column":null}},"2":{"start":{"line":1,"column":13},"end":{"line":1,"column":24}}},"fnMap":{"0":{"name":"(anonymous_0)","decl":{"start":{"line":1,"column":24},"end":{"line":1,"column":25}},"loc":{"start":{"line":1,"column":40},"end":{"line":3,"column":1}}}},"branchMap":{},"s":{"0":1,"1":47,"2":1},"f":{"0":47},"b":{}}
,"C:\\Users\\rafael.ti\\Documents\\GitHub\\RideProfit\\Calculadora_teste\\Calculator - Base\\src\\utils\\operations.ts": {"path":"C:\\Users\\rafael.ti\\Documents\\GitHub\\RideProfit\\Calculadora_teste\\Calculator - Base\\src\\utils\\operations.ts","statementMap":{"0":{"start":{"line":1,"column":13},"end":{"line":8,"column":2}},"1":{"start":{"line":11,"column":2},"end":{"line":11,"column":15}},"2":{"start":{"line":10,"column":0},"end":{"line":10,"column":16}},"3":{"start":{"line":15,"column":2},"end":{"line":15,"column":15}},"4":{"start":{"line":14,"column":0},"end":{"line":14,"column":16}},"5":{"start":{"line":19,"column":2},"end":{"line":19,"column":15}},"6":{"start":{"line":18,"column":0},"end":{"line":18,"column":16}},"7":{"start":{"line":23,"column":2},"end":{"line":23,"column":15}},"8":{"start":{"line":22,"column":0},"end":{"line":22,"column":16}},"9":{"start":{"line":27,"column":2},"end":{"line":27,"column":11}},"10":{"start":{"line":26,"column":0},"end":{"line":26,"column":16}},"11":{"start":{"line":31,"column":2},"end":{"line":31,"column":11}},"12":{"start":{"line":30,"column":0},"end":{"line":30,"column":16}}},"fnMap":{"0":{"name":"sum","decl":{"start":{"line":10,"column":16},"end":{"line":10,"column":19}},"loc":{"start":{"line":10,"column":40},"end":{"line":12,"column":1}}},"1":{"name":"subtract","decl":{"start":{"line":14,"column":16},"end":{"line":14,"column":24}},"loc":{"start":{"line":14,"column":45},"end":{"line":16,"column":1}}},"2":{"name":"multiply","decl":{"start":{"line":18,"column":16},"end":{"line":18,"column":24}},"loc":{"start":{"line":18,"column":45},"end":{"line":20,"column":1}}},"3":{"name":"divide","decl":{"start":{"line":22,"column":16},"end":{"line":22,"column":22}},"loc":{"start":{"line":22,"column":43},"end":{"line":24,"column":1}}},"4":{"name":"equal","decl":{"start":{"line":26,"column":16},"end":{"line":26,"column":21}},"loc":{"start":{"line":26,"column":43},"end":{"line":28,"column":1}}},"5":{"name":"allClear","decl":{"start":{"line":30,"column":16},"end":{"line":30,"column":24}},"loc":{"start":{"line":30,"column":24},"end":{"line":32,"column":1}}}},"branchMap":{},"s":{"0":1,"1":2,"2":1,"3":1,"4":1,"5":2,"6":1,"7":2,"8":1,"9":0,"10":1,"11":0,"12":1},"f":{"0":2,"1":1,"2":2,"3":2,"4":0,"5":0},"b":{}}
,"C:\\Users\\rafael.ti\\Documents\\GitHub\\RideProfit\\Calculadora_teste\\Calculator - Base\\src\\utils\\removeZeroLeft.ts": {"path":"C:\\Users\\rafael.ti\\Documents\\GitHub\\RideProfit\\Calculadora_teste\\Calculator - Base\\src\\utils\\removeZeroLeft.ts","statementMap":{"0":{"start":{"line":2,"column":2},"end":{"line":2,"column":41}},"1":{"start":{"line":2,"column":27},"end":{"line":2,"column":41}},"2":{"start":{"line":3,"column":2},"end":{"line":3,"column":54}},"3":{"start":{"line":1,"column":0},"end":{"line":1,"column":16}}},"fnMap":{"0":{"name":"removeZeroLeft","decl":{"start":{"line":1,"column":16},"end":{"line":1,"column":30}},"loc":{"start":{"line":1,"column":45},"end":{"line":4,"column":1}}}},"branchMap":{"0":{"loc":{"start":{"line":2,"column":2},"end":{"line":2,"column":41}},"type":"if","locations":[{"start":{"line":2,"column":2},"end":{"line":2,"column":41}}]},"1":{"loc":{"start":{"line":3,"column":9},"end":{"line":3,"column":53}},"type":"cond-expr","locations":[{"start":{"line":3,"column":29},"end":{"line":3,"column":44}},{"start":{"line":3,"column":47},"end":{"line":3,"column":53}}]}},"s":{"0":24,"1":17,"2":7,"3":1},"f":{"0":24},"b":{"0":[17],"1":[2,5]}}
}
