TN:
SF:src\utils\calculate.ts
FN:3,calculate
FNF:1
FNH:1
FNDA:6,calculate
DA:1,1
DA:3,1
DA:8,6
DA:9,6
DA:10,6
DA:12,6
LF:6
LH:6
BRF:0
BRH:0
end_of_record
TN:
SF:src\utils\isDot.ts
FN:1,isDot
FNF:1
FNH:1
FNDA:3,isDot
DA:1,1
DA:2,3
LF:2
LH:2
BRF:0
BRH:0
end_of_record
TN:
SF:src\utils\isNumber.ts
FN:1,(anonymous_0)
FNF:1
FNH:1
FNDA:8,(anonymous_0)
DA:1,1
DA:2,8
LF:2
LH:2
BRF:0
BRH:0
end_of_record
TN:
SF:src\utils\operations.ts
FN:10,sum
FN:14,subtract
FN:18,multiply
FN:22,divide
FN:26,equal
FN:30,allClear
FNF:6
FNH:6
FNDA:2,sum
FNDA:2,subtract
FNDA:2,multiply
FNDA:3,divide
FNDA:2,equal
FNDA:2,allClear
DA:1,1
DA:10,1
DA:11,2
DA:14,1
DA:15,2
DA:18,1
DA:19,2
DA:22,1
DA:23,3
DA:26,1
DA:27,2
DA:30,1
DA:31,2
LF:13
LH:13
BRF:0
BRH:0
end_of_record
TN:
SF:src\utils\removeZeroLeft.ts
FN:1,removeZeroLeft
FNF:1
FNH:1
FNDA:4,removeZeroLeft
DA:1,1
DA:2,4
DA:3,3
LF:3
LH:3
BRDA:2,0,0,1
BRDA:3,1,0,2
BRDA:3,1,1,1
BRF:3
BRH:3
end_of_record
