TN:
SF:src\App.tsx
FN:9,App
FN:17,(anonymous_1)
FN:44,(anonymous_2)
FNF:3
FNH:3
FNDA:51,App
FNDA:41,(anonymous_1)
FNDA:24,(anonymous_2)
DA:1,1
DA:2,1
DA:3,1
DA:4,1
DA:5,1
DA:6,1
DA:7,1
DA:10,51
DA:11,51
DA:12,51
DA:13,51
DA:14,51
DA:15,51
DA:17,51
DA:18,41
DA:19,1
DA:20,1
DA:21,1
DA:22,1
DA:23,1
DA:24,1
DA:27,40
DA:33,1
DA:34,1
DA:37,39
DA:39,39
DA:40,24
DA:41,17
DA:43,24
DA:44,24
DA:45,24
DA:51,15
DA:53,15
DA:55,15
DA:56,7
DA:57,7
DA:59,8
DA:62,15
DA:63,15
DA:66,15
DA:67,7
DA:68,0
DA:70,7
DA:75,51
DA:89,1
LF:45
LH:44
BRDA:18,0,0,1
BRDA:27,1,0,1
BRDA:28,2,0,40
BRDA:28,2,1,8
BRDA:28,2,2,1
BRDA:28,2,3,1
BRDA:39,3,0,24
BRDA:39,4,0,39
BRDA:39,4,1,17
BRDA:40,5,0,17
BRDA:46,6,0,17
BRDA:46,6,1,7
BRDA:55,7,0,7
BRDA:55,7,1,8
BRDA:62,8,0,15
BRDA:62,9,0,15
BRDA:62,9,1,0
BRDA:66,10,0,7
BRDA:66,11,0,15
BRDA:66,11,1,7
BRDA:66,11,2,0
BRDA:67,12,0,0
BRDA:67,12,1,7
BRDA:79,13,0,1
BRDA:79,13,1,50
BRDA:79,14,0,51
BRDA:79,14,1,50
BRDA:81,15,0,50
BRDA:81,15,1,11
BRF:29
BRH:26
end_of_record
TN:
SF:src\components\Button.tsx
FN:7,Button
FN:8,(anonymous_1)
FNF:2
FNH:2
FNDA:867,Button
FNDA:41,(anonymous_1)
DA:7,1
DA:8,867
DA:10,867
LF:3
LH:3
BRF:0
BRH:0
end_of_record
TN:
SF:src\components\ButtonsPanel.tsx
FN:7,ButtonsPanel
FNF:1
FNH:1
FNDA:51,ButtonsPanel
DA:1,1
DA:7,1
DA:8,51
LF:3
LH:3
BRF:0
BRH:0
end_of_record
TN:
SF:src\components\Display.tsx
FN:5,Display
FNF:1
FNH:1
FNDA:51,Display
DA:5,1
DA:6,51
LF:2
LH:2
BRF:0
BRH:0
end_of_record
TN:
SF:src\utils\calculate.ts
FN:3,calculate
FNF:1
FNH:1
FNDA:7,calculate
DA:1,1
DA:3,1
DA:8,7
DA:9,7
DA:10,7
DA:12,7
LF:6
LH:6
BRF:0
BRH:0
end_of_record
TN:
SF:src\utils\isDot.ts
FN:1,isDot
FNF:1
FNH:1
FNDA:18,isDot
DA:1,1
DA:2,18
LF:2
LH:2
BRF:0
BRH:0
end_of_record
TN:
SF:src\utils\isNumber.ts
FN:1,(anonymous_0)
FNF:1
FNH:1
FNDA:47,(anonymous_0)
DA:1,1
DA:2,47
LF:2
LH:2
BRF:0
BRH:0
end_of_record
TN:
SF:src\utils\operations.ts
FN:10,sum
FN:14,subtract
FN:18,multiply
FN:22,divide
FN:26,equal
FN:30,allClear
FNF:6
FNH:4
FNDA:2,sum
FNDA:1,subtract
FNDA:2,multiply
FNDA:2,divide
FNDA:0,equal
FNDA:0,allClear
DA:1,1
DA:10,1
DA:11,2
DA:14,1
DA:15,1
DA:18,1
DA:19,2
DA:22,1
DA:23,2
DA:26,1
DA:27,0
DA:30,1
DA:31,0
LF:13
LH:11
BRF:0
BRH:0
end_of_record
TN:
SF:src\utils\removeZeroLeft.ts
FN:1,removeZeroLeft
FNF:1
FNH:1
FNDA:24,removeZeroLeft
DA:1,1
DA:2,24
DA:3,7
LF:3
LH:3
BRDA:2,0,0,17
BRDA:3,1,0,2
BRDA:3,1,1,5
BRF:3
BRH:3
end_of_record
